<?xml version="1.0" encoding="UTF-8"?>
<!-- Generated by org.testng.reporters.JUnitXMLReporter -->
<testsuite ignored="0" hostname="DESKTOP-DB9ED7V" failures="0" tests="11" name="MavenProject" time="0.316" errors="0" timestamp="2023-01-18T12:54:22 IST">
  <testcase classname="MavenProject.CreateTest" name="create" time="0.016"/>
  <testcase classname="MavenProject.DeleteTest" name="delete" time="0.012"/>
  <testcase classname="MavenProject.Maven_Url" name="CreateTest" time="0.016"/>
  <testcase classname="MavenProject.Practic1_Maven" name="delete2" time="0.002"/>
  <testcase classname="MavenProject.Practic1_Maven" name="update2" time="0.001"/>
  <testcase classname="MavenProject.Practic_Maven" name="delete" time="0.002"/>
  <testcase classname="MavenProject.Practic_Maven" name="update" time="0.002"/>
  <testcase classname="MavenProject.regression_Practic" name="deleted" time="0.012"/>
  <testcase classname="MavenProject.regression_Practic" name="school" time="0.009"/>
  <testcase classname="MavenProject.regression_Practic" name="update" time="0.012"/>
  <testcase classname="MavenProject.regression_Practic" name="utilize" time="0.01"/>
</testsuite> <!-- MavenProject -->
