<?xml version="1.0" encoding="UTF-8"?>
<testng-results ignored="0" total="2" passed="2" failed="0" skipped="0">
  <reporter-output>
  </reporter-output>
  <suite started-at="2023-01-18T14:53:20 IST" name="Default suite" finished-at="2023-01-18T14:53:20 IST" duration-ms="244">
    <groups>
      <group name="regression">
        <method signature="PracticMaven2.update()[pri:0, instance:MavenProject.PracticMaven2@550ee7e5]" name="update" class="MavenProject.PracticMaven2"/>
      </group> <!-- regression -->
      <group name="smoke">
        <method signature="PracticMaven2.changed()[pri:0, instance:MavenProject.PracticMaven2@550ee7e5]" name="changed" class="MavenProject.PracticMaven2"/>
      </group> <!-- smoke -->
    </groups>
    <test started-at="2023-01-18T14:53:20 IST" name="Default test" finished-at="2023-01-18T14:53:20 IST" duration-ms="244">
      <class name="MavenProject.PracticMaven2">
        <test-method signature="changed()[pri:0, instance:MavenProject.PracticMaven2@550ee7e5]" started-at="2023-01-18T14:53:20 IST" name="changed" finished-at="2023-01-18T14:53:20 IST" duration-ms="24" status="PASS">
          <reporter-output>
          </reporter-output>
        </test-method> <!-- changed -->
        <test-method signature="update()[pri:0, instance:MavenProject.PracticMaven2@550ee7e5]" started-at="2023-01-18T14:53:20 IST" name="update" finished-at="2023-01-18T14:53:20 IST" duration-ms="11" status="PASS">
          <reporter-output>
          </reporter-output>
        </test-method> <!-- update -->
      </class> <!-- MavenProject.PracticMaven2 -->
    </test> <!-- Default test -->
  </suite> <!-- Default suite -->
</testng-results>
